<?xml version="1.0" encoding="UTF-8"?>
<!-- Generated by org.testng.reporters.JUnitReportReporter -->
<testsuite hostname="LTIN678681" failures="0" tests="1" name="TESTng.TestNGExample" time="6.802" errors="0" timestamp="2025-10-23T09:52:28 IST" skipped="0">
  <testcase classname="TESTng.TestNGExample" name="login" time="6.802"/>
</testsuite> <!-- TESTng.TestNGExample -->
