<?xml version="1.0" encoding="UTF-8"?>
<!-- Generated by org.testng.reporters.JUnitReportReporter -->
<testsuite hostname="LTIN678681" failures="0" tests="1" name="draganddrop.Login" time="0.849" errors="0" timestamp="2025-10-07T14:54:14 IST" skipped="0">
  <testcase classname="draganddrop.Login" name="openTwo" time="0.849"/>
</testsuite> <!-- draganddrop.Login -->
